<?xml version="1.0" encoding="UTF-8"?>
<testsuite name="ScannerTest" time="0.363" tests="1" errors="1" skipped="0" failures="0">
  <properties>
[...]
</properties>
  <testcase name="checkISBNResult" classname="ScannerTest" time="0.363">
    <error message="APPLICATION_WILDCARD_XML" type="java.lang.NoSuchFieldError"><![CDATA[java.lang.NoSuchFieldError: APPLICATION_WILDCARD_XML
	at org.springframework.http.converter.xml.SimpleXmlHttpMessageConverter.<init>(SimpleXmlHttpMessageConverter.java:70)
	at org.springframework.http.converter.xml.SimpleXmlHttpMessageConverter.<init>(SimpleXmlHttpMessageConverter.java:61)
	at isbnScan.Scanner.getBookInfo(Scanner.java:35)
	at ScannerTest.checkISBNResult(ScannerTest.java:8)
]]></error>
  </testcase>
</testsuite>